<?xml version="1.0" encoding="UTF-8"?>
<testsuites>
  <testsuite name="fastlane.lanes">
    
    
    
      
      <testcase classname="fastlane.lanes" name="0: Verifying required fastlane version" time="0.00315">
        
      </testcase>
    
      
      <testcase classname="fastlane.lanes" name="1: default_platform" time="0.003116">
        
      </testcase>
    
      
      <testcase classname="fastlane.lanes" name="2: gradle" time="3.645368">
        
          <failure message="/Users/robertmogos/.fastlane/bin/bundle/lib/ruby/gems/2.2.0/gems/fastlane-2.62.1/fastlane/lib/fastlane/actions/actions_helper.rb:48:in `execute_action'&#10;/Users/robertmogos/.fastlane/bin/bundle/lib/ruby/gems/2.2.0/gems/fastlane-2.62.1/fastlane/lib/fastlane/runner.rb:231:in `block in execute_action'&#10;/Users/robertmogos/.fastlane/bin/bundle/lib/ruby/gems/2.2.0/gems/fastlane-2.62.1/fastlane/lib/fastlane/runner.rb:227:in `chdir'&#10;/Users/robertmogos/.fastlane/bin/bundle/lib/ruby/gems/2.2.0/gems/fastlane-2.62.1/fastlane/lib/fastlane/runner.rb:227:in `execute_action'&#10;/Users/robertmogos/.fastlane/bin/bundle/lib/ruby/gems/2.2.0/gems/fastlane-2.62.1/fastlane/lib/fastlane/runner.rb:148:in `trigger_action_by_name'&#10;/Users/robertmogos/.fastlane/bin/bundle/lib/ruby/gems/2.2.0/gems/fastlane-2.62.1/fastlane/lib/fastlane/fast_file.rb:146:in `method_missing'&#10;Fastfile:9:in `block (2 levels) in parsing_binding'&#10;/Users/robertmogos/.fastlane/bin/bundle/lib/ruby/gems/2.2.0/gems/fastlane-2.62.1/fastlane/lib/fastlane/lane.rb:33:in `call'&#10;/Users/robertmogos/.fastlane/bin/bundle/lib/ruby/gems/2.2.0/gems/fastlane-2.62.1/fastlane/lib/fastlane/lane.rb:33:in `call'&#10;/Users/robertmogos/.fastlane/bin/bundle/lib/ruby/gems/2.2.0/gems/fastlane-2.62.1/fastlane/lib/fastlane/runner.rb:49:in `block in execute'&#10;/Users/robertmogos/.fastlane/bin/bundle/lib/ruby/gems/2.2.0/gems/fastlane-2.62.1/fastlane/lib/fastlane/runner.rb:45:in `chdir'&#10;/Users/robertmogos/.fastlane/bin/bundle/lib/ruby/gems/2.2.0/gems/fastlane-2.62.1/fastlane/lib/fastlane/runner.rb:45:in `execute'&#10;/Users/robertmogos/.fastlane/bin/bundle/lib/ruby/gems/2.2.0/gems/fastlane-2.62.1/fastlane/lib/fastlane/lane_manager.rb:54:in `cruise_lane'&#10;/Users/robertmogos/.fastlane/bin/bundle/lib/ruby/gems/2.2.0/gems/fastlane-2.62.1/fastlane/lib/fastlane/command_line_handler.rb:30:in `handle'&#10;/Users/robertmogos/.fastlane/bin/bundle/lib/ruby/gems/2.2.0/gems/fastlane-2.62.1/fastlane/lib/fastlane/commands_generator.rb:104:in `block (2 levels) in run'&#10;/Users/robertmogos/.fastlane/bin/bundle/lib/ruby/gems/2.2.0/gems/commander-fastlane-4.4.5/lib/commander/command.rb:178:in `call'&#10;/Users/robertmogos/.fastlane/bin/bundle/lib/ruby/gems/2.2.0/gems/commander-fastlane-4.4.5/lib/commander/command.rb:178:in `call'&#10;/Users/robertmogos/.fastlane/bin/bundle/lib/ruby/gems/2.2.0/gems/commander-fastlane-4.4.5/lib/commander/command.rb:153:in `run'&#10;/Users/robertmogos/.fastlane/bin/bundle/lib/ruby/gems/2.2.0/gems/commander-fastlane-4.4.5/lib/commander/runner.rb:476:in `run_active_command'&#10;/Users/robertmogos/.fastlane/bin/bundle/lib/ruby/gems/2.2.0/gems/fastlane-2.62.1/fastlane_core/lib/fastlane_core/ui/fastlane_runner.rb:66:in `run!'&#10;/Users/robertmogos/.fastlane/bin/bundle/lib/ruby/gems/2.2.0/gems/commander-fastlane-4.4.5/lib/commander/delegates.rb:15:in `run!'&#10;/Users/robertmogos/.fastlane/bin/bundle/lib/ruby/gems/2.2.0/gems/fastlane-2.62.1/fastlane/lib/fastlane/commands_generator.rb:303:in `run'&#10;/Users/robertmogos/.fastlane/bin/bundle/lib/ruby/gems/2.2.0/gems/fastlane-2.62.1/fastlane/lib/fastlane/commands_generator.rb:42:in `start'&#10;/Users/robertmogos/.fastlane/bin/bundle/lib/ruby/gems/2.2.0/gems/fastlane-2.62.1/fastlane/lib/fastlane/cli_tools_distributor.rb:66:in `take_off'&#10;/Users/robertmogos/.fastlane/bin/bundle/lib/ruby/gems/2.2.0/gems/fastlane-2.62.1/bin/fastlane:20:in `&lt;top (required)&gt;'&#10;/Users/robertmogos/.fastlane/bin/bundle/bin/fastlane:22:in `load'&#10;/Users/robertmogos/.fastlane/bin/bundle/bin/fastlane:22:in `&lt;main&gt;'&#10;&#10;Exit status of command '/Users/robertmogos/Dev/algoliasearch-client-kotlin/gradlew jvmTest -p .' was 1 instead of 0.&#10;&gt; Task :buildSrc:generateScriptPluginAdapters UP-TO-DATE&#10;&gt; Task :buildSrc:compileKotlin UP-TO-DATE&#10;&gt; Task :buildSrc:compileJava NO-SOURCE&#10;&gt; Task :buildSrc:compileGroovy NO-SOURCE&#10;&gt; Task :buildSrc:pluginDescriptors UP-TO-DATE&#10;&gt; Task :buildSrc:processResources NO-SOURCE&#10;&gt; Task :buildSrc:classes UP-TO-DATE&#10;&gt; Task :buildSrc:inspectClassesForKotlinIC UP-TO-DATE&#10;&gt; Task :buildSrc:jar UP-TO-DATE&#10;&gt; Task :buildSrc:assemble UP-TO-DATE&#10;&gt; Task :buildSrc:compileTestKotlin NO-SOURCE&#10;&gt; Task :buildSrc:pluginUnderTestMetadata UP-TO-DATE&#10;&gt; Task :buildSrc:compileTestJava NO-SOURCE&#10;&gt; Task :buildSrc:compileTestGroovy NO-SOURCE&#10;&gt; Task :buildSrc:processTestResources NO-SOURCE&#10;&gt; Task :buildSrc:testClasses UP-TO-DATE&#10;&gt; Task :buildSrc:test NO-SOURCE&#10;&gt; Task :buildSrc:validateTaskProperties UP-TO-DATE&#10;&gt; Task :buildSrc:check UP-TO-DATE&#10;&gt; Task :buildSrc:build UP-TO-DATE&#10;&#10;&gt; Configure project :&#10;Kotlin Multiplatform Projects are an experimental feature.&#10;This build is set up to publish Kotlin multiplatform libraries with experimental Gradle metadata. Future Gradle versions may fail to resolve dependencies on these publications. You can disable Gradle metadata usage during publishing and dependencies resolution by removing `enableFeaturePreview('GRADLE_METADATA')` from the settings.gradle file.&#10;&#10;&gt; Task :compileKotlinJvm UP-TO-DATE&#10;&gt; Task :jvmProcessResources NO-SOURCE&#10;&gt; Task :jvmMainClasses UP-TO-DATE&#10;&gt; Task :compileTestKotlinJvm UP-TO-DATE&#10;&gt; Task :jvmTestProcessResources UP-TO-DATE&#10;&gt; Task :jvmTestClasses UP-TO-DATE&#10;&#10;&gt; Task :jvmTest&#10;&#10;transport.TestCallableHosts &gt; callTypeWrite FAILED&#10;    java.lang.ExceptionInInitializerError at TestCallableHosts.kt:15&#10;        Caused by: java.lang.IllegalStateException at TestCallableHosts.kt:15&#10;&#10;transport.TestCallableHosts &gt; callTypeRead FAILED&#10;    java.lang.NoClassDefFoundError at TestCallableHosts.kt:15&#10;&#10;transport.TestCallableHosts &gt; onlyLastIsUp FAILED&#10;    java.lang.NoClassDefFoundError at TestCallableHosts.kt:15&#10;&#10;transport.TestCallableHosts &gt; noneAreUp FAILED&#10;    java.lang.NoClassDefFoundError at TestCallableHosts.kt:15&#10;&#10;transport.TestCallableHosts &gt; onlyFirstIsUp FAILED&#10;    java.lang.NoClassDefFoundError at TestCallableHosts.kt:15&#10;&#10;serialize.insights.TestInsightsEvent &gt; serialize FAILED&#10;    java.lang.NoClassDefFoundError at TestInsightsEvent.kt:47&#10;&#10;serialize.rule.TestConsequence &gt; backwardCompatibility FAILED&#10;    java.lang.NoClassDefFoundError at TestConsequence.kt:62&#10;&#10;model.insights.TestUserToken &gt; rawShouldNotHaveIllegalCharacters FAILED&#10;    java.lang.AssertionError at TestUserToken.kt:66&#10;&#10;model.insights.TestUserToken &gt; rawShouldNotBeLongerThan64 FAILED&#10;    java.lang.AssertionError at TestUserToken.kt:64&#10;&#10;model.insights.TestUserToken &gt; rawShouldNotBeBlank FAILED&#10;    java.lang.AssertionError at TestUserToken.kt:63&#10;&#10;model.insights.TestUserToken &gt; rawShouldNotBeEmpty FAILED&#10;    java.lang.AssertionError at TestUserToken.kt:62&#10;&#10;model.insights.TestInsightsEvent &gt; filtersSizeLimit FAILED&#10;    java.lang.AssertionError at TestInsightsEvent.kt:79&#10;&#10;model.insights.TestInsightsEvent &gt; positionsAreRequired FAILED&#10;    java.lang.AssertionError at TestInsightsEvent.kt:53&#10;&#10;model.insights.TestInsightsEvent &gt; objectIDsSizeLimit FAILED&#10;    java.lang.AssertionError at TestInsightsEvent.kt:66&#10;&#10;model.insights.TestEventName &gt; rawShouldNotBeLongerThan64 FAILED&#10;    java.lang.AssertionError at TestEventName.kt:35&#10;&#10;model.insights.TestEventName &gt; rawShouldNotBeEmpty FAILED&#10;    java.lang.AssertionError at TestEventName.kt:34&#10;&#10;model.synonym.TestSynonym &gt; oneWaySynonymsShouldNotBeEmpty FAILED&#10;    java.lang.AssertionError at TestSynonym.kt:81&#10;&#10;model.synonym.TestSynonym &gt; oneWayInputShouldNotBeEmpty FAILED&#10;    java.lang.AssertionError at TestSynonym.kt:79&#10;&#10;model.synonym.TestSynonym &gt; placeholderReplacementsShouldNotBeEmpty FAILED&#10;    java.lang.AssertionError at TestSynonym.kt:87&#10;&#10;model.synonym.TestSynonym &gt; multiWaySynonymsShouldNotBeEmpty FAILED&#10;    java.lang.AssertionError at TestSynonym.kt:83&#10;&#10;model.synonym.TestSynonym &gt; oneWaySynonymsShouldNotBeMoreThan100 FAILED&#10;    java.lang.AssertionError at TestSynonym.kt:82&#10;&#10;model.synonym.TestSynonym &gt; alternativeWordShouldNotBeEmpty FAILED&#10;    java.lang.AssertionError at TestSynonym.kt:85&#10;&#10;model.synonym.TestSynonym &gt; alternativeCorrectionsShouldNotBeEmpty FAILED&#10;    java.lang.AssertionError at TestSynonym.kt:86&#10;&#10;model.synonym.TestSynonym &gt; multiWaySynonymsShouldNotBeMoreThan100 FAILED&#10;    java.lang.AssertionError at TestSynonym.kt:84&#10;&#10;model.synonym.TestSynonym &gt; tokenShouldNotBeEmpty FAILED&#10;    java.lang.AssertionError at TestSynonym.kt:77&#10;&#10;model.TestApplicationID &gt; rawShouldNotBeBlank FAILED&#10;    java.lang.AssertionError at TestApplicationID.kt:22&#10;&#10;model.TestApplicationID &gt; rawShouldNotBeEmpty FAILED&#10;    java.lang.AssertionError at TestApplicationID.kt:21&#10;&#10;model.TestIndexName &gt; rawShouldNotBeBlank FAILED&#10;    java.lang.AssertionError at TestIndexName.kt:31&#10;&#10;model.TestIndexName &gt; rawShouldNotBeEmpty FAILED&#10;    java.lang.AssertionError at TestIndexName.kt:30&#10;&#10;model.TestQueryID &gt; rawShouldNotBeBlank FAILED&#10;    java.lang.AssertionError at TestQueryID.kt:22&#10;&#10;model.TestQueryID &gt; rawShouldNotBeEmpty FAILED&#10;    java.lang.AssertionError at TestQueryID.kt:21&#10;&#10;model.search.TestPolygon &gt; operatorThrow FAILED&#10;    java.lang.AssertionError at TestPolygon.kt:44&#10;&#10;model.apikey.TestAPIKey &gt; rawShouldNotBeBlank FAILED&#10;    java.lang.AssertionError at TestAPIKey.kt:22&#10;&#10;model.apikey.TestAPIKey &gt; rawShouldNotBeEmpty FAILED&#10;    java.lang.AssertionError at TestAPIKey.kt:21&#10;&#10;model.TestAttribute &gt; rawShouldNotBeBlank FAILED&#10;    java.lang.AssertionError at TestAttribute.kt:22&#10;&#10;model.TestAttribute &gt; rawShouldNotBeEmpty FAILED&#10;    java.lang.AssertionError at TestAttribute.kt:21&#10;&#10;model.TestObjectID &gt; rawShouldNotBeBlank FAILED&#10;    java.lang.AssertionError at TestObjectID.kt:22&#10;&#10;model.TestObjectID &gt; rawShouldNotBeEmpty FAILED&#10;    java.lang.AssertionError at TestObjectID.kt:21&#10;&#10;suite.TestSuitePersonalization &gt; test FAILED&#10;    java.lang.NoClassDefFoundError at TestSuitePersonalization.kt:19&#10;&#10;suite.TestSuiteBrowse &gt; objects FAILED&#10;    java.lang.NoClassDefFoundError at TestSuiteBrowse.kt:21&#10;&#10;suite.TestSuiteBrowse &gt; rules FAILED&#10;    java.lang.NoClassDefFoundError at TestSuiteBrowse.kt:21&#10;&#10;suite.TestSuiteBrowse &gt; synonyms FAILED&#10;    java.lang.NoClassDefFoundError at TestSuiteBrowse.kt:21&#10;&#10;suite.TestSuiteIndexing &gt; test FAILED&#10;    java.lang.NoClassDefFoundError at TestSuiteIndexing.kt:43&#10;&#10;suite.TestSecuredAPIKey &gt; test FAILED&#10;    java.lang.NoClassDefFoundError at TestSecuredAPIKey.kt:22&#10;&#10;suite.TestSuiteMultiCluster &gt; test FAILED&#10;    java.lang.NoClassDefFoundError at TestSuiteMultiCluster.kt:25&#10;&#10;suite.TestSuiteBatching &gt; test FAILED&#10;    java.lang.NoClassDefFoundError at TestSuiteBatching.kt:19&#10;&#10;suite.TestSuiteSearch &gt; test FAILED&#10;    java.lang.NoClassDefFoundError at TestSuiteSearch.kt:27&#10;&#10;suite.TestSuiteMultipleOperations &gt; test FAILED&#10;    java.lang.NoClassDefFoundError at TestSuiteMultipleOperations.kt:24&#10;&#10;suite.TestSuiteSynonyms &gt; test FAILED&#10;    java.lang.NoClassDefFoundError at TestSuiteSynonyms.kt:26&#10;&#10;suite.TestSuiteCopyIndex &gt; test FAILED&#10;    java.lang.NoClassDefFoundError at TestSuiteCopyIndex.kt:24&#10;&#10;suite.TestSuiteRules &gt; test FAILED&#10;    java.lang.NoClassDefFoundError at TestSuiteRules.kt:25&#10;&#10;suite.TestSuiteInsights &gt; test FAILED&#10;    java.lang.NoClassDefFoundError at TestSuiteInsights.kt:26&#10;&#10;suite.TestSuiteAPIKey &gt; test FAILED&#10;    java.lang.NoClassDefFoundError at TestSuiteAPIKey.kt:40&#10;    java.lang.NoClassDefFoundError at TestSuiteAPIKey.kt:80&#10;&#10;suite.TestSuiteSettings &gt; test FAILED&#10;    java.lang.NoClassDefFoundError at TestSuiteSettings.kt:20&#10;&#10;suite.TestSuiteAccount &gt; test FAILED&#10;    java.lang.NoClassDefFoundError at TestSuiteAccount.kt:28&#10;&#10;suite.TestSuiteAATest &gt; test FAILED&#10;    java.lang.NoClassDefFoundError at TestSuiteAATest.kt:27&#10;&#10;suite.TestSuiteDNS &gt; test FAILED&#10;    java.lang.NoClassDefFoundError at TestSuiteDNS.kt:18&#10;&#10;suite.TestSuiteABTest &gt; test FAILED&#10;    java.lang.NoClassDefFoundError at TestSuiteABTest.kt:28&#10;&#10;suite.TestSuiteReplaceAll &gt; test FAILED&#10;    java.lang.NoClassDefFoundError at TestSuiteReplaceAll.kt:24&#10;&#10;suite.TestSuiteDisjunctive &gt; testA FAILED&#10;    java.lang.NoClassDefFoundError at TestSuiteDisjunctive.kt:26&#10;&#10;suite.TestSuiteDisjunctive &gt; testB FAILED&#10;    java.lang.NoClassDefFoundError at TestSuiteDisjunctive.kt:26&#10;&#10;suite.TestSuiteLogs &gt; test FAILED&#10;    java.lang.NoClassDefFoundError at TestSuiteLogs.kt:14&#10;&#10;client.TestMockEngine &gt; mock FAILED&#10;    java.lang.NoClassDefFoundError at TestMockEngine.kt:38&#10;&#10;656 tests completed, 63 failed, 334 skipped&#10;&#10;&gt; Task :jvmTest FAILED&#10;&#10;FAILURE: Build failed with an exception.&#10;&#10;* What went wrong:&#10;Execution failed for task ':jvmTest'.&#10;&gt; There were failing tests. See the report at: file:///Users/robertmogos/Dev/algoliasearch-client-kotlin/build/reports/tests/jvmTest/index.html&#10;&#10;* Try:&#10;Run with --stacktrace option to get the stack trace. Run with --info or --debug option to get more log output. Run with --scan to get full insights.&#10;&#10;* Get more help at https://help.gradle.org&#10;&#10;BUILD FAILED in 3s&#10;4 actionable tasks: 1 executed, 3 up-to-date&#10;" />
        
      </testcase>
    
  </testsuite>
</testsuites>
